<?xml version="1.0" encoding="UTF-8"?>
<testsuite name="it.unimi.kata.TestBirthDayService" tests="4" skipped="0" failures="0" errors="0" timestamp="2020-04-20T08:21:13" hostname="sofia-Lenovo-Z50-70" time="0.49">
  <properties/>
  <testcase name="employeeTest()" classname="it.unimi.kata.TestBirthDayService" time="0.457"/>
  <testcase name="emailServiceTest()" classname="it.unimi.kata.TestBirthDayService" time="0.013"/>
  <testcase name="leapYearOrNotTest()" classname="it.unimi.kata.TestBirthDayService" time="0.009"/>
  <testcase name="employeeRepositoryTest()" classname="it.unimi.kata.TestBirthDayService" time="0.008"/>
  <system-out><![CDATA[]]></system-out>
  <system-err><![CDATA[]]></system-err>
</testsuite>
