<?xml version="1.0" encoding="UTF-8"?>
<testsuite name="it.unimi.kata.TestEmailService" tests="3" skipped="0" failures="0" errors="0" timestamp="2020-05-26T07:06:06" hostname="sofia-Lenovo-Z50-70" time="0.055">
  <properties/>
  <testcase name="correctObject()" classname="it.unimi.kata.TestEmailService" time="0.052"/>
  <testcase name="correctSender()" classname="it.unimi.kata.TestEmailService" time="0.0"/>
  <testcase name="correctText()" classname="it.unimi.kata.TestEmailService" time="0.001"/>
  <system-out><![CDATA[]]></system-out>
  <system-err><![CDATA[]]></system-err>
</testsuite>
